This file contains any messages produced by compilers while
running configure, to aid debugging if configure makes a mistake.

It was created by giella-oji configure 20110617, which was
generated by GNU Autoconf 2.69.  Invocation command line was

  $ ./configure 

## --------- ##
## Platform. ##
## --------- ##

hostname = hammurabi
uname -m = x86_64
uname -r = 14.5.0
uname -s = Darwin
uname -v = Darwin Kernel Version 14.5.0: Wed Jul 29 02:26:53 PDT 2015; root:xnu-2782.40.9~1/RELEASE_X86_64

/usr/bin/uname -p = i386
/bin/uname -X     = unknown

/bin/arch              = unknown
/usr/bin/arch -k       = unknown
/usr/convex/getsysinfo = unknown
/usr/bin/hostinfo      = Mach kernel version:
	 Darwin Kernel Version 14.5.0: Wed Jul 29 02:26:53 PDT 2015; root:xnu-2782.40.9~1/RELEASE_X86_64
Kernel configured for up to 4 processors.
2 processors are physically available.
4 processors are logically available.
Processor type: i486 (Intel 80486)
Processors active: 0 1 2 3
Primary memory available: 16.00 gigabytes
Default processor set: 251 tasks, 1018 threads, 4 processors
Load average: 2.15, Mach factor: 1.84
/bin/machine           = unknown
/usr/bin/oslevel       = unknown
/bin/universe          = unknown

PATH: /opt/local/bin
PATH: /opt/local/sbin
PATH: /usr/local/bin
PATH: /usr/bin
PATH: /bin
PATH: /usr/sbin
PATH: /sbin
PATH: /Library/TeX/texbin


## ----------- ##
## Core tests. ##
## ----------- ##

configure:2010: checking for a BSD-compatible install
configure:2078: result: /usr/bin/install -c
configure:2089: checking whether build environment is sane
configure:2144: result: yes
configure:2295: checking for a thread-safe mkdir -p
configure:2334: result: build-aux/install-sh -c -d
configure:2341: checking for gawk
configure:2357: found /opt/local/bin/gawk
configure:2368: result: gawk
configure:2379: checking whether make sets $(MAKE)
configure:2401: result: yes
configure:2430: checking whether make supports nested variables
configure:2447: result: yes
configure:2584: checking whether make supports nested variables
configure:2601: result: yes
configure:2712: checking build system type
configure:2726: result: x86_64-apple-darwin14.5.0
configure:2746: checking host system type
configure:2759: result: x86_64-apple-darwin14.5.0
configure:2803: checking for gt-core.sh
configure:2821: found /Users/dabowers/giella/gtcore/scripts/gt-core.sh
configure:2834: result: /Users/dabowers/giella/gtcore/scripts/gt-core.sh
configure:2843: checking whether GTCORE is found
configure:2850: result: yes - via environment
configure:2901: checking the version of the GTD Core
configure:2905: checking for gt-version.sh
configure:2923: found /Users/dabowers/giella/gtcore/scripts/gt-version.sh
configure:2936: result: /Users/dabowers/giella/gtcore/scripts/gt-version.sh
configure:2950: result: 0.2.35-123036
configure:2953: checking whether the GTD Core version is at least 0.2.35
configure:2993: result: yes
configure:3006: checking for bc
configure:3024: found /usr/bin/bc
configure:3037: result: /usr/bin/bc
configure:3091: checking for a Python interpreter with version >= 3.3
configure:3108: python -c import sys # split strings by '.' and convert to numeric. Append some zeros # because we need at least 4 digits for the hex conversion. # map returns an iterator in Python 3.0 and a list in 2.x minver = list(map(int, '3.3'.split('.'))) + [0, 0, 0] minverhex = 0 # xrange is not present in Python 3.0 and range returns an iterator for i in list(range(0, 4)): minverhex = (minverhex << 8) + minver[i] sys.exit(sys.hexversion < minverhex)
configure:3111: $? = 1
configure:3108: python2 -c import sys # split strings by '.' and convert to numeric. Append some zeros # because we need at least 4 digits for the hex conversion. # map returns an iterator in Python 3.0 and a list in 2.x minver = list(map(int, '3.3'.split('.'))) + [0, 0, 0] minverhex = 0 # xrange is not present in Python 3.0 and range returns an iterator for i in list(range(0, 4)): minverhex = (minverhex << 8) + minver[i] sys.exit(sys.hexversion < minverhex)
./configure: line 3109: python2: command not found
configure:3111: $? = 127
configure:3108: python3 -c import sys # split strings by '.' and convert to numeric. Append some zeros # because we need at least 4 digits for the hex conversion. # map returns an iterator in Python 3.0 and a list in 2.x minver = list(map(int, '3.3'.split('.'))) + [0, 0, 0] minverhex = 0 # xrange is not present in Python 3.0 and range returns an iterator for i in list(range(0, 4)): minverhex = (minverhex << 8) + minver[i] sys.exit(sys.hexversion < minverhex)
./configure: line 3109: python3: command not found
configure:3111: $? = 127
configure:3108: python3.3 -c import sys # split strings by '.' and convert to numeric. Append some zeros # because we need at least 4 digits for the hex conversion. # map returns an iterator in Python 3.0 and a list in 2.x minver = list(map(int, '3.3'.split('.'))) + [0, 0, 0] minverhex = 0 # xrange is not present in Python 3.0 and range returns an iterator for i in list(range(0, 4)): minverhex = (minverhex << 8) + minver[i] sys.exit(sys.hexversion < minverhex)
configure:3111: $? = 0
configure:3117: result: python3.3
configure:3125: checking for python3.3
configure:3143: found /opt/local/bin/python3.3
configure:3155: result: /opt/local/bin/python3.3
configure:3173: checking for python3.3 version
configure:3180: result: 3.3
configure:3192: checking for python3.3 platform
configure:3199: result: darwin
configure:3225: checking for python3.3 script directory
configure:3260: result: ${prefix}/lib/python3.3/site-packages
configure:3269: checking for python3.3 extension module directory
configure:3304: result: ${exec_prefix}/lib/python3.3/site-packages
configure:3323: checking python3.3 module: yaml
configure:3328: result: yes
configure:3343: checking whether to enable yaml-based test
configure:3361: result: yes
configure:3378: checking for awk that supports gensub
configure:3411: result: /opt/local/bin/gawk
configure:3419: checking for forrest
configure:3452: result: no
configure:3457: checking whether we can enable in-source documentation building
configure:3476: result: no
configure:3490: checking for rsync
configure:3508: found /usr/bin/rsync
configure:3521: result: /usr/bin/rsync
configure:3529: checking whether we can rsync LO-voikko oxt template locally
configure:3538: result: yes
configure:3551: checking for wget
configure:3569: found /opt/local/bin/wget
configure:3582: result: /opt/local/bin/wget
configure:3604: checking for printf
configure:3622: found /usr/bin/printf
configure:3635: result: /usr/bin/printf
configure:3645: checking for xfst
configure:3663: found /usr/local/bin/xfst
configure:3676: result: /usr/local/bin/xfst
configure:3686: checking for twolc
configure:3704: found /usr/local/bin/twolc
configure:3717: result: /usr/local/bin/twolc
configure:3727: checking for lexc
configure:3745: found /usr/local/bin/lexc
configure:3758: result: /usr/local/bin/lexc
configure:3768: checking for lookup
configure:3786: found /usr/local/bin/lookup
configure:3799: result: /usr/local/bin/lookup
configure:3807: checking whether to enable xfst building
configure:3823: result: yes
configure:3852: checking for printf
configure:3883: result: /usr/bin/printf
configure:3893: checking for foma
configure:3911: found /usr/local/bin/foma
configure:3924: result: /usr/local/bin/foma
configure:3934: checking for flookup
configure:3952: found /usr/local/bin/flookup
configure:3965: result: /usr/local/bin/flookup
configure:3975: checking for cgflookup
configure:3993: found /usr/local/bin/cgflookup
configure:4006: result: /usr/local/bin/cgflookup
configure:4014: checking whether to enable foma building
configure:4029: result: no
configure:4059: checking for hfst-compose
configure:4077: found /usr/local/bin/hfst-compose
configure:4090: result: /usr/local/bin/hfst-compose
configure:4100: checking for hfst-compose-intersect
configure:4118: found /usr/local/bin/hfst-compose-intersect
configure:4131: result: /usr/local/bin/hfst-compose-intersect
configure:4141: checking for hfst-concatenate
configure:4159: found /usr/local/bin/hfst-concatenate
configure:4172: result: /usr/local/bin/hfst-concatenate
configure:4182: checking for hfst-conjunct
configure:4200: found /usr/local/bin/hfst-conjunct
configure:4213: result: /usr/local/bin/hfst-conjunct
configure:4223: checking for hfst-determinize
configure:4241: found /usr/local/bin/hfst-determinize
configure:4254: result: /usr/local/bin/hfst-determinize
configure:4264: checking for hfst-disjunct
configure:4282: found /usr/local/bin/hfst-disjunct
configure:4295: result: /usr/local/bin/hfst-disjunct
configure:4305: checking for hfst-foma
configure:4336: result: false
configure:4346: checking for hfst-fst2fst
configure:4364: found /usr/local/bin/hfst-fst2fst
configure:4377: result: /usr/local/bin/hfst-fst2fst
configure:4387: checking for hfst-fst2strings
configure:4405: found /usr/local/bin/hfst-fst2strings
configure:4418: result: /usr/local/bin/hfst-fst2strings
configure:4428: checking for hfst-fst2txt
configure:4446: found /usr/local/bin/hfst-fst2txt
configure:4459: result: /usr/local/bin/hfst-fst2txt
configure:4469: checking for hfst-info
configure:4487: found /usr/local/bin/hfst-info
configure:4500: result: /usr/local/bin/hfst-info
configure:4510: checking for hfst-intersect
configure:4528: found /usr/local/bin/hfst-intersect
configure:4541: result: /usr/local/bin/hfst-intersect
configure:4551: checking for hfst-invert
configure:4569: found /usr/local/bin/hfst-invert
configure:4582: result: /usr/local/bin/hfst-invert
configure:4592: checking for hfst-lexc
configure:4610: found /usr/local/bin/hfst-lexc
configure:4623: result: /usr/local/bin/hfst-lexc
configure:4633: checking for hfst-lookup
configure:4651: found /usr/local/bin/hfst-lookup
configure:4664: result: /usr/local/bin/hfst-lookup
configure:4674: checking for hfst-minimize
configure:4692: found /usr/local/bin/hfst-minimize
configure:4705: result: /usr/local/bin/hfst-minimize
configure:4715: checking for hfst-minus
configure:4733: found /usr/local/bin/hfst-minus
configure:4746: result: /usr/local/bin/hfst-minus
configure:4756: checking for hfst-multiply
configure:4774: found /usr/local/bin/hfst-multiply
configure:4787: result: /usr/local/bin/hfst-multiply
configure:4797: checking for hfst-name
configure:4815: found /usr/local/bin/hfst-name
configure:4828: result: /usr/local/bin/hfst-name
configure:4838: checking for hfst-optimized-lookup
configure:4856: found /usr/local/bin/hfst-optimized-lookup
configure:4869: result: /usr/local/bin/hfst-optimized-lookup
configure:4879: checking for hfst-pair-test
configure:4897: found /usr/local/bin/hfst-pair-test
configure:4910: result: /usr/local/bin/hfst-pair-test
configure:4920: checking for hfst-proc
configure:4938: found /usr/local/bin/hfst-proc
configure:4951: result: /usr/local/bin/hfst-proc
configure:4961: checking for hfst-proc2
configure:4979: found /usr/local/bin/hfst-proc2
configure:4992: result: /usr/local/bin/hfst-proc2
configure:5002: checking for hfst-project
configure:5020: found /usr/local/bin/hfst-project
configure:5033: result: /usr/local/bin/hfst-project
configure:5043: checking for hfst-prune-alphabet
configure:5061: found /usr/local/bin/hfst-prune-alphabet
configure:5074: result: /usr/local/bin/hfst-prune-alphabet
configure:5084: checking for hfst-push-weights
configure:5102: found /usr/local/bin/hfst-push-weights
configure:5115: result: /usr/local/bin/hfst-push-weights
configure:5125: checking for hfst-regexp2fst
configure:5143: found /usr/local/bin/hfst-regexp2fst
configure:5156: result: /usr/local/bin/hfst-regexp2fst
configure:5166: checking for hfst-remove-epsilons
configure:5184: found /usr/local/bin/hfst-remove-epsilons
configure:5197: result: /usr/local/bin/hfst-remove-epsilons
configure:5207: checking for hfst-repeat
configure:5225: found /usr/local/bin/hfst-repeat
configure:5238: result: /usr/local/bin/hfst-repeat
configure:5248: checking for hfst-reverse
configure:5266: found /usr/local/bin/hfst-reverse
configure:5279: result: /usr/local/bin/hfst-reverse
configure:5289: checking for hfst-reweight
configure:5307: found /usr/local/bin/hfst-reweight
configure:5320: result: /usr/local/bin/hfst-reweight
configure:5330: checking for hfst-split
configure:5348: found /usr/local/bin/hfst-split
configure:5361: result: /usr/local/bin/hfst-split
configure:5371: checking for hfst-strings2fst
configure:5389: found /usr/local/bin/hfst-strings2fst
configure:5402: result: /usr/local/bin/hfst-strings2fst
configure:5412: checking for hfst-substitute
configure:5430: found /usr/local/bin/hfst-substitute
configure:5443: result: /usr/local/bin/hfst-substitute
configure:5453: checking for hfst-subtract
configure:5471: found /usr/local/bin/hfst-subtract
configure:5484: result: /usr/local/bin/hfst-subtract
configure:5494: checking for hfst-summarize
configure:5512: found /usr/local/bin/hfst-summarize
configure:5525: result: /usr/local/bin/hfst-summarize
configure:5535: checking for hfst-twolc
configure:5553: found /usr/local/bin/hfst-twolc
configure:5566: result: /usr/local/bin/hfst-twolc
configure:5576: checking for hfst-txt2fst
configure:5594: found /usr/local/bin/hfst-txt2fst
configure:5607: result: /usr/local/bin/hfst-txt2fst
configure:5617: checking for hfst-xfst
configure:5635: found /usr/local/bin/hfst-xfst
configure:5648: result: /usr/local/bin/hfst-xfst
configure:5660: checking for hfst-ospell
configure:5691: result: false
configure:5778: checking for vislcg3
configure:5796: found /opt/local/bin/vislcg3
configure:5809: result: /opt/local/bin/vislcg3
configure:5819: checking for cg-comp
configure:5837: found /opt/local/bin/cg-comp
configure:5850: result: /opt/local/bin/cg-comp
configure:5862: checking whether vislcg3 is at least 0.9.8.009406
configure:5902: result: no - 
configure:5911: checking whether we can enable vislcg3 targets
configure:5917: result: no
configure:5941: checking for saxonb-xslt
configure:5972: result: false
configure:5982: checking for java
configure:6000: found /usr/bin/java
configure:6013: result: /usr/bin/java
configure:6021: checking for /opt/local/share/java/saxon9he.jar
configure:6034: result: yes
configure:6137: checking whether the Saxon JAR is at least 8.0
configure:6172: result: yes - 9.5.1.1
configure:6185: checking whether we can enable xslt2 transformations
configure:6208: result: yes
configure:6231: checking for see
configure:6264: result: no
configure:6277: checking for zip
configure:6295: found /usr/bin/zip
configure:6308: result: /usr/bin/zip
configure:6318: checking for gzip
configure:6336: found /usr/bin/gzip
configure:6349: result: /usr/bin/gzip
configure:6453: WARNING: vislcg3 tools missing or too old, syntax tools disabled!
configure:6962: checking that generated files are newer than configure
configure:6968: result: done
configure:7120: creating ./config.status

## ---------------------- ##
## Running config.status. ##
## ---------------------- ##

This file was extended by giella-oji config.status 20110617, which was
generated by GNU Autoconf 2.69.  Invocation command line was

  CONFIG_FILES    = 
  CONFIG_HEADERS  = 
  CONFIG_LINKS    = 
  CONFIG_COMMANDS = 
  $ ./config.status 

on hammurabi

config.status:966: creating Makefile
config.status:966: creating giella-oji.pc
config.status:966: creating src/Makefile
config.status:966: creating src/filters/Makefile
config.status:966: creating src/hyphenation/Makefile
config.status:966: creating src/morphology/Makefile
config.status:966: creating src/orthography/Makefile
config.status:966: creating src/orthography/downcase-derived_proper-strings.xfscript
config.status:966: creating src/phonetics/Makefile
config.status:966: creating src/phonology/Makefile
config.status:966: creating src/syntax/Makefile
config.status:966: creating src/tagsets/Makefile
config.status:966: creating src/transcriptions/Makefile
config.status:966: creating doc/Makefile
config.status:966: creating test/Makefile
config.status:966: creating test/tools/Makefile
config.status:966: creating test/tools/mt/Makefile
config.status:966: creating test/tools/mt/apertium/Makefile
config.status:966: creating test/tools/spellcheckers/Makefile
config.status:966: creating test/tools/spellcheckers/fstbased/Makefile
config.status:966: creating test/tools/spellcheckers/fstbased/hfst/Makefile
config.status:966: creating test/src/Makefile
config.status:966: creating test/src/morphology/Makefile
config.status:966: creating test/src/orthography/Makefile
config.status:966: creating test/src/phonology/Makefile
config.status:966: creating test/src/syntax/Makefile
config.status:966: creating tools/Makefile
config.status:966: creating tools/grammarcheckers/Makefile
config.status:966: creating tools/mt/Makefile
config.status:966: creating tools/mt/apertium/Makefile
config.status:966: creating tools/mt/apertium/filters/Makefile
config.status:966: creating tools/mt/apertium/tagsets/Makefile
config.status:966: creating tools/preprocess/Makefile
config.status:966: creating tools/shellscripts/Makefile
config.status:966: creating tools/spellcheckers/Makefile
config.status:966: creating tools/spellcheckers/fstbased/Makefile
config.status:966: creating tools/spellcheckers/fstbased/filters/Makefile
config.status:966: creating tools/spellcheckers/fstbased/foma/Makefile
config.status:966: creating tools/spellcheckers/fstbased/hfst/Makefile
config.status:966: creating tools/spellcheckers/fstbased/weighting/Makefile
config.status:966: creating tools/spellcheckers/listbased/Makefile
config.status:966: creating tools/spellcheckers/listbased/filters/Makefile
config.status:966: creating test/tools/spellcheckers/test-zhfst-file.sh
config.status:966: creating test/tools/spellcheckers/fstbased/hfst/test-zhfst-basic-sugg-speed.sh
config.status:966: creating test/tools/spellcheckers/run-spellers-gt-norm-yaml-testcases.sh
config.status:966: creating test/tools/spellcheckers/fstbased/hfst/run-acceptor-yaml-testcases.sh
config.status:966: creating test/src/run-gt-desc-genyaml-testcases.sh
config.status:966: creating test/src/run-gt-desc-anayaml-testcases.sh
config.status:966: creating test/run-morph-tester.sh
config.status:966: creating test/src/phonology/pair-test-positive.sh
config.status:966: creating test/src/phonology/pair-test-negative.sh
config.status:966: creating test/src/phonology/pair-test-hfst.sh
config.status:966: creating test/src/morphology/generate-adjective-lemmas.sh
config.status:966: creating test/src/morphology/generate-noun-lemmas.sh
config.status:966: creating test/src/morphology/generate-propernoun-lemmas.sh
config.status:966: creating test/src/morphology/generate-verb-lemmas.sh
config.status:966: creating tools/shellscripts/uoji-gt.sh
configure:8285: WARNING: Could not find gawk, java or forrest. In-source documentation will not be extracted and validated. Please install the required tools.

## ---------------- ##
## Cache variables. ##
## ---------------- ##

ac_cv_build=x86_64-apple-darwin14.5.0
ac_cv_env_GTCORE_set=set
ac_cv_env_GTCORE_value=/Users/dabowers/giella/gtcore
ac_cv_env_GTMAINTAINER_set=
ac_cv_env_GTMAINTAINER_value=
ac_cv_env_PYTHON_set=
ac_cv_env_PYTHON_value=
ac_cv_env_build_alias_set=
ac_cv_env_build_alias_value=
ac_cv_env_host_alias_set=
ac_cv_env_host_alias_value=
ac_cv_env_target_alias_set=
ac_cv_env_target_alias_value=
ac_cv_file__opt_local_share_java_saxon9he_jar=yes
ac_cv_host=x86_64-apple-darwin14.5.0
ac_cv_path_BC=/usr/bin/bc
ac_cv_path_CGFLOOKUP=/usr/local/bin/cgflookup
ac_cv_path_FLOOKUP=/usr/local/bin/flookup
ac_cv_path_FOMA=/usr/local/bin/foma
ac_cv_path_GAWK=/opt/local/bin/gawk
ac_cv_path_GTCORESH=/Users/dabowers/giella/gtcore/scripts/gt-core.sh
ac_cv_path_GTD_VERSION=/Users/dabowers/giella/gtcore/scripts/gt-version.sh
ac_cv_path_GZIP=/usr/bin/gzip
ac_cv_path_HFST_COMPOSE=/usr/local/bin/hfst-compose
ac_cv_path_HFST_COMPOSE_INTERSECT=/usr/local/bin/hfst-compose-intersect
ac_cv_path_HFST_CONCATENATE=/usr/local/bin/hfst-concatenate
ac_cv_path_HFST_CONJUNCT=/usr/local/bin/hfst-conjunct
ac_cv_path_HFST_DETERMINIZE=/usr/local/bin/hfst-determinize
ac_cv_path_HFST_DISJUNCT=/usr/local/bin/hfst-disjunct
ac_cv_path_HFST_FOMA=false
ac_cv_path_HFST_FST2FST=/usr/local/bin/hfst-fst2fst
ac_cv_path_HFST_FST2STRINGS=/usr/local/bin/hfst-fst2strings
ac_cv_path_HFST_FST2TXT=/usr/local/bin/hfst-fst2txt
ac_cv_path_HFST_INFO=/usr/local/bin/hfst-info
ac_cv_path_HFST_INTERSECT=/usr/local/bin/hfst-intersect
ac_cv_path_HFST_INVERT=/usr/local/bin/hfst-invert
ac_cv_path_HFST_LEXC=/usr/local/bin/hfst-lexc
ac_cv_path_HFST_LOOKUP=/usr/local/bin/hfst-lookup
ac_cv_path_HFST_MINIMIZE=/usr/local/bin/hfst-minimize
ac_cv_path_HFST_MINUS=/usr/local/bin/hfst-minus
ac_cv_path_HFST_MULTIPLY=/usr/local/bin/hfst-multiply
ac_cv_path_HFST_NAME=/usr/local/bin/hfst-name
ac_cv_path_HFST_OPTIMIZED_LOOKUP=/usr/local/bin/hfst-optimized-lookup
ac_cv_path_HFST_OSPELL=false
ac_cv_path_HFST_PAIR_TEST=/usr/local/bin/hfst-pair-test
ac_cv_path_HFST_PROC2=/usr/local/bin/hfst-proc2
ac_cv_path_HFST_PROC=/usr/local/bin/hfst-proc
ac_cv_path_HFST_PROJECT=/usr/local/bin/hfst-project
ac_cv_path_HFST_PRUNE_ALPHABET=/usr/local/bin/hfst-prune-alphabet
ac_cv_path_HFST_PUSH_WEIGHTS=/usr/local/bin/hfst-push-weights
ac_cv_path_HFST_REGEXP2FST=/usr/local/bin/hfst-regexp2fst
ac_cv_path_HFST_REMOVE_EPSILONS=/usr/local/bin/hfst-remove-epsilons
ac_cv_path_HFST_REPEAT=/usr/local/bin/hfst-repeat
ac_cv_path_HFST_REVERSE=/usr/local/bin/hfst-reverse
ac_cv_path_HFST_REWEIGHT=/usr/local/bin/hfst-reweight
ac_cv_path_HFST_SPLIT=/usr/local/bin/hfst-split
ac_cv_path_HFST_STRINGS2FST=/usr/local/bin/hfst-strings2fst
ac_cv_path_HFST_SUBSTITUTE=/usr/local/bin/hfst-substitute
ac_cv_path_HFST_SUBTRACT=/usr/local/bin/hfst-subtract
ac_cv_path_HFST_SUMMARIZE=/usr/local/bin/hfst-summarize
ac_cv_path_HFST_TWOLC=/usr/local/bin/hfst-twolc
ac_cv_path_HFST_TXT2FST=/usr/local/bin/hfst-txt2fst
ac_cv_path_HFST_XFST=/usr/local/bin/hfst-xfst
ac_cv_path_JV=/usr/bin/java
ac_cv_path_LEXC=/usr/local/bin/lexc
ac_cv_path_LOOKUP=/usr/local/bin/lookup
ac_cv_path_PRINTF=/usr/bin/printf
ac_cv_path_PYTHON=/opt/local/bin/python3.3
ac_cv_path_RSYNC=/usr/bin/rsync
ac_cv_path_SAXON=false
ac_cv_path_TWOLC=/usr/local/bin/twolc
ac_cv_path_VISLCG3=/opt/local/bin/vislcg3
ac_cv_path_VISLCG3_COMP=/opt/local/bin/cg-comp
ac_cv_path_WGET=/opt/local/bin/wget
ac_cv_path_XFST=/usr/local/bin/xfst
ac_cv_path_ZIP=/usr/bin/zip
ac_cv_path_install='/usr/bin/install -c'
ac_cv_prog_AWK=gawk
ac_cv_prog_make_make_set=yes
am_cv_make_support_nested_variables=yes
am_cv_pathless_PYTHON=python3.3
am_cv_python_platform=darwin
am_cv_python_pyexecdir='${exec_prefix}/lib/python3.3/site-packages'
am_cv_python_pythondir='${prefix}/lib/python3.3/site-packages'
am_cv_python_version=3.3

## ----------------- ##
## Output variables. ##
## ----------------- ##

ACLOCAL='${SHELL} /Users/dabowers/giella/langs/oji/build-aux/missing aclocal-1.15'
ALT_ORTHS=''
ALT_WSS=''
AMTAR='$${TAR-tar}'
AM_BACKSLASH='\'
AM_DEFAULT_V='$(AM_DEFAULT_VERBOSITY)'
AM_DEFAULT_VERBOSITY='0'
AM_V='$(V)'
AUTOCONF='${SHELL} /Users/dabowers/giella/langs/oji/build-aux/missing autoconf'
AUTOHEADER='${SHELL} /Users/dabowers/giella/langs/oji/build-aux/missing autoheader'
AUTOMAKE='${SHELL} /Users/dabowers/giella/langs/oji/build-aux/missing automake-1.15'
AWK='gawk'
BC='/usr/bin/bc'
CAN_DOCC_FALSE=''
CAN_DOCC_TRUE='#'
CAN_FOMA_FALSE=''
CAN_FOMA_SPELLER_FALSE=''
CAN_FOMA_SPELLER_TRUE='#'
CAN_FOMA_TRUE='#'
CAN_HFST_FALSE=''
CAN_HFST_FOMA_FALSE=''
CAN_HFST_FOMA_TRUE='#'
CAN_HFST_TRUE='#'
CAN_HFST_XFST_FALSE='#'
CAN_HFST_XFST_TRUE=''
CAN_JAVA_FALSE='#'
CAN_JAVA_TRUE=''
CAN_LOCALSYNC_FALSE='#'
CAN_LOCALSYNC_TRUE=''
CAN_SAXON_FALSE=''
CAN_SAXON_TRUE='#'
CAN_VISLCG_FALSE=''
CAN_VISLCG_TRUE='#'
CAN_XFST_FALSE='#'
CAN_XFST_TRUE=''
CAN_YAML_TEST_FALSE='#'
CAN_YAML_TEST_TRUE=''
CGFLOOKUP='/usr/local/bin/cgflookup'
COUNTRIES=''
CYGPATH_W='echo'
CYGWINJAVAPATH='echo'
DEFAULT_ORTH=''
DEFAULT_WS='Latn'
DEFS='-DPACKAGE_NAME=\"giella-oji\" -DPACKAGE_TARNAME=\"giella-oji\" -DPACKAGE_VERSION=\"20110617\" -DPACKAGE_STRING=\"giella-oji\ 20110617\" -DPACKAGE_BUGREPORT=\"feedback@divvun.no\" -DPACKAGE_URL=\"http://divvun.no\" -DPACKAGE=\"giella-oji\" -DVERSION=\"20110617\"'
DIALECTS=''
ECHO_C='\c'
ECHO_N=''
ECHO_T=''
FLOOKUP='/usr/local/bin/flookup'
FOMA='/usr/local/bin/foma'
FORREST=''
GAWK='/opt/local/bin/gawk'
GTCORE='/Users/dabowers/giella/gtcore'
GTCORESH='/Users/dabowers/giella/gtcore/scripts/gt-core.sh'
GTD_VERSION='/Users/dabowers/giella/gtcore/scripts/gt-version.sh'
GTLANG2='oj'
GTLANG='oji'
GTLANGUAGE='Ojibwa'
GTMAINTAINER=''
GZIP='/usr/bin/gzip'
HAVE_ALT_ORTHS_FALSE=''
HAVE_ALT_ORTHS_TRUE='#'
HAVE_ALT_WSS_FALSE=''
HAVE_ALT_WSS_TRUE='#'
HAVE_COUNTRIES_FALSE=''
HAVE_COUNTRIES_TRUE='#'
HAVE_DIALECTS_FALSE=''
HAVE_DIALECTS_TRUE='#'
HFST_COMPOSE='/usr/local/bin/hfst-compose'
HFST_COMPOSE_INTERSECT='/usr/local/bin/hfst-compose-intersect'
HFST_CONCATENATE='/usr/local/bin/hfst-concatenate'
HFST_CONJUNCT='/usr/local/bin/hfst-conjunct'
HFST_DETERMINIZE='/usr/local/bin/hfst-determinize'
HFST_DISJUNCT='/usr/local/bin/hfst-disjunct'
HFST_FOMA='false'
HFST_FST2FST='/usr/local/bin/hfst-fst2fst'
HFST_FST2STRINGS='/usr/local/bin/hfst-fst2strings'
HFST_FST2TXT='/usr/local/bin/hfst-fst2txt'
HFST_INFO='/usr/local/bin/hfst-info'
HFST_INTERSECT='/usr/local/bin/hfst-intersect'
HFST_INVERT='/usr/local/bin/hfst-invert'
HFST_LEXC='/usr/local/bin/hfst-lexc'
HFST_LOOKUP='/usr/local/bin/hfst-lookup'
HFST_MINIMIZE='/usr/local/bin/hfst-minimize'
HFST_MINIMIZE_SPELLER='/usr/local/bin/hfst-remove-epsilons $(HFST_FLAGS)                                          | /usr/local/bin/hfst-push-weights -p final $(HFST_FLAGS)                                          | /usr/local/bin/hfst-determinize --encode-weights $(HFST_FLAGS)                                          | /usr/local/bin/hfst-minimize    --encode-weights '
HFST_MINUS='/usr/local/bin/hfst-minus'
HFST_MULTIPLY='/usr/local/bin/hfst-multiply'
HFST_NAME='/usr/local/bin/hfst-name'
HFST_OPTIMIZED_LOOKUP='/usr/local/bin/hfst-optimized-lookup'
HFST_OSPELL='false'
HFST_PAIR_TEST='/usr/local/bin/hfst-pair-test'
HFST_PROC2='/usr/local/bin/hfst-proc2'
HFST_PROC='/usr/local/bin/hfst-proc'
HFST_PROJECT='/usr/local/bin/hfst-project'
HFST_PRUNE_ALPHABET='/usr/local/bin/hfst-prune-alphabet'
HFST_PUSH_WEIGHTS='/usr/local/bin/hfst-push-weights'
HFST_REGEXP2FST='/usr/local/bin/hfst-regexp2fst'
HFST_REMOVE_EPSILONS='/usr/local/bin/hfst-remove-epsilons'
HFST_REPEAT='/usr/local/bin/hfst-repeat'
HFST_REVERSE='/usr/local/bin/hfst-reverse'
HFST_REWEIGHT='/usr/local/bin/hfst-reweight'
HFST_SPLIT='/usr/local/bin/hfst-split'
HFST_STRINGS2FST='/usr/local/bin/hfst-strings2fst'
HFST_SUBSTITUTE='/usr/local/bin/hfst-substitute'
HFST_SUBTRACT='/usr/local/bin/hfst-subtract'
HFST_SUMMARIZE='/usr/local/bin/hfst-summarize'
HFST_TWOLC='/usr/local/bin/hfst-twolc'
HFST_TXT2FST='/usr/local/bin/hfst-txt2fst'
HFST_XFST='/usr/local/bin/hfst-xfst'
INSTALL_DATA='${INSTALL} -m 644'
INSTALL_PROGRAM='${INSTALL}'
INSTALL_SCRIPT='${INSTALL}'
INSTALL_STRIP_PROGRAM='$(install_sh) -c -s'
JV='/usr/bin/java'
LEXC='/usr/local/bin/lexc'
LIBOBJS=''
LIBS=''
LOOKUP='/usr/local/bin/lookup'
LTLIBOBJS=''
MAKEINFO='${SHELL} /Users/dabowers/giella/langs/oji/build-aux/missing makeinfo'
MKDIR_P='build-aux/install-sh -c -d'
PACKAGE='giella-oji'
PACKAGE_BUGREPORT='feedback@divvun.no'
PACKAGE_NAME='giella-oji'
PACKAGE_STRING='giella-oji 20110617'
PACKAGE_TARNAME='giella-oji'
PACKAGE_URL='http://divvun.no'
PACKAGE_VERSION='20110617'
PATH_SEPARATOR=':'
PRINTF='/usr/bin/printf'
PYTHON='/opt/local/bin/python3.3'
PYTHON_EXEC_PREFIX='${exec_prefix}'
PYTHON_PLATFORM='darwin'
PYTHON_PREFIX='${prefix}'
PYTHON_VERSION='3.3'
RSYNC='/usr/bin/rsync'
SAXON='false'
SAXONJAR='/opt/local/share/java/saxon9he.jar'
SEE=''
SET_MAKE=''
SHELL='/bin/sh'
STRIP=''
TWOLC='/usr/local/bin/twolc'
VERSION='20110617'
VISLCG3='/opt/local/bin/vislcg3'
VISLCG3_COMP='/opt/local/bin/cg-comp'
WANT_ABBR_FALSE=''
WANT_ABBR_TRUE='#'
WANT_APERTIUM_FALSE=''
WANT_APERTIUM_TRUE='#'
WANT_DICTIONARIES_FALSE=''
WANT_DICTIONARIES_TRUE='#'
WANT_DOWNCASEERROR_FALSE=''
WANT_DOWNCASEERROR_TRUE='#'
WANT_FST_HYPHENATOR_FALSE=''
WANT_FST_HYPHENATOR_TRUE='#'
WANT_GENERATION_FALSE='#'
WANT_GENERATION_TRUE=''
WANT_GRAMCHECK_FALSE=''
WANT_GRAMCHECK_TRUE='#'
WANT_HUNSPELL_FALSE=''
WANT_HUNSPELL_TRUE='#'
WANT_HYPERMINIMISATION_FALSE=''
WANT_HYPERMINIMISATION_TRUE='#'
WANT_L2_FALSE=''
WANT_L2_TRUE='#'
WANT_MAINTAIN_FALSE=''
WANT_MAINTAIN_TRUE='#'
WANT_MORPHOLOGY_FALSE='#'
WANT_MORPHOLOGY_TRUE=''
WANT_OAHPA_FALSE=''
WANT_OAHPA_TRUE='#'
WANT_PHONETIC_FALSE=''
WANT_PHONETIC_TRUE='#'
WANT_SPELLERAUTOMAT_FALSE=''
WANT_SPELLERAUTOMAT_TRUE='#'
WANT_SPELLERS_FALSE=''
WANT_SPELLERS_TRUE='#'
WANT_SYNTAX_FALSE=''
WANT_SYNTAX_TRUE='#'
WANT_TRANSCRIPTORS_FALSE='#'
WANT_TRANSCRIPTORS_TRUE=''
WANT_TWOSTEP_INTERSECT_FALSE=''
WANT_TWOSTEP_INTERSECT_TRUE='#'
WANT_VOIKKO_FALSE=''
WANT_VOIKKO_TRUE='#'
WGET='/opt/local/bin/wget'
XFST='/usr/local/bin/xfst'
ZIP='/usr/bin/zip'
am__isrc=''
am__leading_dot='.'
am__tar='$${TAR-tar} chof - "$$tardir"'
am__untar='$${TAR-tar} xf -'
bindir='${exec_prefix}/bin'
build='x86_64-apple-darwin14.5.0'
build_alias=''
build_cpu='x86_64'
build_os='darwin14.5.0'
build_vendor='apple'
datadir='${datarootdir}'
datarootdir='${prefix}/share'
docdir='${datarootdir}/doc/${PACKAGE_TARNAME}'
dvidir='${docdir}'
exec_prefix='${prefix}'
host='x86_64-apple-darwin14.5.0'
host_alias=''
host_cpu='x86_64'
host_os='darwin14.5.0'
host_vendor='apple'
htmldir='${docdir}'
includedir='${prefix}/include'
infodir='${datarootdir}/info'
install_sh='${SHELL} /Users/dabowers/giella/langs/oji/build-aux/install-sh'
libdir='${exec_prefix}/lib'
libexecdir='${exec_prefix}/libexec'
localedir='${datarootdir}/locale'
localstatedir='${prefix}/var'
mandir='${datarootdir}/man'
mkdir_p='$(MKDIR_P)'
oldincludedir='/usr/include'
pdfdir='${docdir}'
pkgpyexecdir='${pyexecdir}/giella-oji'
pkgpythondir='${pythondir}/giella-oji'
prefix='/usr/local'
program_transform_name='s,x,x,'
psdir='${docdir}'
pyexecdir='${exec_prefix}/lib/python3.3/site-packages'
pythondir='${prefix}/lib/python3.3/site-packages'
sbindir='${exec_prefix}/sbin'
sharedstatedir='${prefix}/com'
sysconfdir='${prefix}/etc'
target_alias=''

## ----------- ##
## confdefs.h. ##
## ----------- ##

/* confdefs.h */
#define PACKAGE_NAME "giella-oji"
#define PACKAGE_TARNAME "giella-oji"
#define PACKAGE_VERSION "20110617"
#define PACKAGE_STRING "giella-oji 20110617"
#define PACKAGE_BUGREPORT "feedback@divvun.no"
#define PACKAGE_URL "http://divvun.no"
#define PACKAGE "giella-oji"
#define VERSION "20110617"

configure: exit 0
